2023-07-25T09:40:23.717+05:30  INFO 381880 --- [restartedMain] c.a.p.a.a.PhotoAppApiAlbumsApplication   : Starting PhotoAppApiAlbumsApplication using Java 17 with PID 381880 (E:\Micoservices\FromAuthor\PhotoAppApiAlbums\PhotoAppApiAlbums\target\classes started by bpras in E:\Micoservices\FromAuthor\PhotoAppApiAlbums\PhotoAppApiAlbums)
2023-07-25T09:40:23.721+05:30  INFO 381880 --- [restartedMain] c.a.p.a.a.PhotoAppApiAlbumsApplication   : No active profile set, falling back to 1 default profile: "default"
2023-07-25T09:40:23.773+05:30  INFO 381880 --- [restartedMain] .e.DevToolsPropertyDefaultsPostProcessor : Devtools property defaults active! Set 'spring.devtools.add-properties' to 'false' to disable
2023-07-25T09:40:23.773+05:30  INFO 381880 --- [restartedMain] .e.DevToolsPropertyDefaultsPostProcessor : For additional web related logging consider setting the 'logging.level.web' property to 'DEBUG'
2023-07-25T09:40:24.610+05:30  INFO 381880 --- [restartedMain] o.s.cloud.context.scope.GenericScope     : BeanFactory id=7688154d-c0ef-35c0-9a5e-3057583ef5d5
2023-07-25T09:40:24.983+05:30  INFO 381880 --- [restartedMain] o.s.b.w.embedded.tomcat.TomcatWebServer  : Tomcat initialized with port(s): 0 (http)
2023-07-25T09:40:24.993+05:30  INFO 381880 --- [restartedMain] o.apache.catalina.core.StandardService   : Starting service [Tomcat]
2023-07-25T09:40:24.993+05:30  INFO 381880 --- [restartedMain] o.apache.catalina.core.StandardEngine    : Starting Servlet engine: [Apache Tomcat/10.1.5]
2023-07-25T09:40:25.047+05:30  INFO 381880 --- [restartedMain] o.a.c.c.C.[Tomcat].[localhost].[/]       : Initializing Spring embedded WebApplicationContext
2023-07-25T09:40:25.047+05:30  INFO 381880 --- [restartedMain] w.s.c.ServletWebServerApplicationContext : Root WebApplicationContext: initialization completed in 1273 ms
2023-07-25T09:40:25.703+05:30  WARN 381880 --- [restartedMain] o.s.b.d.a.OptionalLiveReloadServer       : Unable to start LiveReload server
2023-07-25T09:40:25.794+05:30  INFO 381880 --- [restartedMain] DiscoveryClientOptionalArgsConfiguration : Eureka HTTP Client uses RestTemplate.
2023-07-25T09:40:25.819+05:30  WARN 381880 --- [restartedMain] iguration$LoadBalancerCaffeineWarnLogger : Spring Cloud LoadBalancer is currently working with the default cache. While this cache implementation is useful for development and tests, it's recommended to use Caffeine cache in production.You can switch to using Caffeine cache, by adding it and org.springframework.cache.caffeine.CaffeineCacheManager to the classpath.
2023-07-25T09:40:25.824+05:30  INFO 381880 --- [restartedMain] o.s.b.a.e.web.EndpointLinksResolver      : Exposing 1 endpoint(s) beneath base path '/actuator'
2023-07-25T09:40:25.927+05:30  INFO 381880 --- [restartedMain] o.s.b.w.embedded.tomcat.TomcatWebServer  : Tomcat started on port(s): 51336 (http) with context path ''
2023-07-25T09:40:25.929+05:30  INFO 381880 --- [restartedMain] .s.c.n.e.s.EurekaAutoServiceRegistration : Updating port to 51336
2023-07-25T09:40:25.932+05:30  INFO 381880 --- [restartedMain] o.s.c.n.eureka.InstanceInfoFactory       : Setting initial instance status as: STARTING
2023-07-25T09:40:25.971+05:30  INFO 381880 --- [restartedMain] com.netflix.discovery.DiscoveryClient    : Initializing Eureka in region us-east-1
2023-07-25T09:40:25.974+05:30  INFO 381880 --- [restartedMain] c.n.d.s.r.aws.ConfigClusterResolver      : Resolving eureka endpoints via configuration
2023-07-25T09:40:25.997+05:30  INFO 381880 --- [restartedMain] com.netflix.discovery.DiscoveryClient    : Disable delta property : false
2023-07-25T09:40:25.997+05:30  INFO 381880 --- [restartedMain] com.netflix.discovery.DiscoveryClient    : Single vip registry refresh property : null
2023-07-25T09:40:25.997+05:30  INFO 381880 --- [restartedMain] com.netflix.discovery.DiscoveryClient    : Force full registry fetch : false
2023-07-25T09:40:25.997+05:30  INFO 381880 --- [restartedMain] com.netflix.discovery.DiscoveryClient    : Application is null : false
2023-07-25T09:40:25.997+05:30  INFO 381880 --- [restartedMain] com.netflix.discovery.DiscoveryClient    : Registered Applications size is zero : true
2023-07-25T09:40:25.997+05:30  INFO 381880 --- [restartedMain] com.netflix.discovery.DiscoveryClient    : Application version is -1: true
2023-07-25T09:40:25.997+05:30  INFO 381880 --- [restartedMain] com.netflix.discovery.DiscoveryClient    : Getting all instance registry info from the eureka server
2023-07-25T09:40:26.337+05:30  INFO 381880 --- [restartedMain] com.netflix.discovery.DiscoveryClient    : The response status is 200
2023-07-25T09:40:26.344+05:30  INFO 381880 --- [restartedMain] com.netflix.discovery.DiscoveryClient    : Starting heartbeat executor: renew interval is: 30
2023-07-25T09:40:26.351+05:30  INFO 381880 --- [restartedMain] c.n.discovery.InstanceInfoReplicator     : InstanceInfoReplicator onDemand update allowed rate per min is 4
2023-07-25T09:40:26.364+05:30  INFO 381880 --- [restartedMain] com.netflix.discovery.DiscoveryClient    : Discovery Client initialized at timestamp 1690258226364 with initial instances count: 0
2023-07-25T09:40:26.366+05:30  INFO 381880 --- [restartedMain] o.s.c.n.e.s.EurekaServiceRegistry        : Registering application ALBUMS-WS with eureka with status UP
2023-07-25T09:40:26.366+05:30  INFO 381880 --- [restartedMain] com.netflix.discovery.DiscoveryClient    : Saw local status change event StatusChangeEvent [timestamp=1690258226366, current=UP, previous=STARTING]
2023-07-25T09:40:26.367+05:30  INFO 381880 --- [DiscoveryClient-InstanceInfoReplicator-0] com.netflix.discovery.DiscoveryClient    : DiscoveryClient_ALBUMS-WS/albums-ws:312945ddd01ef0c0164f31c38e15dd80: registering service...
2023-07-25T09:40:26.403+05:30  INFO 381880 --- [DiscoveryClient-InstanceInfoReplicator-0] com.netflix.discovery.DiscoveryClient    : DiscoveryClient_ALBUMS-WS/albums-ws:312945ddd01ef0c0164f31c38e15dd80 - registration status: 204
2023-07-25T09:40:26.471+05:30  INFO 381880 --- [restartedMain] c.a.p.a.a.PhotoAppApiAlbumsApplication   : Started PhotoAppApiAlbumsApplication in 3.171 seconds (process running for 3.692)
2023-07-25T09:40:26.995+05:30  INFO 381880 --- [RMI TCP Connection(9)-127.0.0.1] o.a.c.c.C.[Tomcat].[localhost].[/]       : Initializing Spring DispatcherServlet 'dispatcherServlet'
2023-07-25T09:40:26.996+05:30  INFO 381880 --- [RMI TCP Connection(9)-127.0.0.1] o.s.web.servlet.DispatcherServlet        : Initializing Servlet 'dispatcherServlet'
2023-07-25T09:40:26.998+05:30  INFO 381880 --- [RMI TCP Connection(9)-127.0.0.1] o.s.web.servlet.DispatcherServlet        : Completed initialization in 2 ms
2023-07-25T09:40:56.345+05:30  INFO 381880 --- [DiscoveryClient-CacheRefreshExecutor-0] com.netflix.discovery.DiscoveryClient    : Disable delta property : false
2023-07-25T09:40:56.346+05:30  INFO 381880 --- [DiscoveryClient-CacheRefreshExecutor-0] com.netflix.discovery.DiscoveryClient    : Single vip registry refresh property : null
2023-07-25T09:40:56.346+05:30  INFO 381880 --- [DiscoveryClient-CacheRefreshExecutor-0] com.netflix.discovery.DiscoveryClient    : Force full registry fetch : false
2023-07-25T09:40:56.347+05:30  INFO 381880 --- [DiscoveryClient-CacheRefreshExecutor-0] com.netflix.discovery.DiscoveryClient    : Application is null : false
2023-07-25T09:40:56.347+05:30  INFO 381880 --- [DiscoveryClient-CacheRefreshExecutor-0] com.netflix.discovery.DiscoveryClient    : Registered Applications size is zero : true
2023-07-25T09:40:56.347+05:30  INFO 381880 --- [DiscoveryClient-CacheRefreshExecutor-0] com.netflix.discovery.DiscoveryClient    : Application version is -1: false
2023-07-25T09:40:56.348+05:30  INFO 381880 --- [DiscoveryClient-CacheRefreshExecutor-0] com.netflix.discovery.DiscoveryClient    : Getting all instance registry info from the eureka server
2023-07-25T09:40:56.376+05:30  INFO 381880 --- [DiscoveryClient-CacheRefreshExecutor-0] com.netflix.discovery.DiscoveryClient    : The response status is 200
2023-07-25T09:45:26.015+05:30  INFO 381880 --- [AsyncResolver-bootstrap-executor-0] c.n.d.s.r.aws.ConfigClusterResolver      : Resolving eureka endpoints via configuration
2023-07-25T09:48:25.523+05:30  INFO 381880 --- [File Watcher] rtingClassPathChangeChangedEventListener : Restarting due to 1 class path change (0 additions, 0 deletions, 1 modification)
2023-07-25T09:48:25.525+05:30  INFO 381880 --- [Thread-1] o.s.c.n.e.s.EurekaServiceRegistry        : Unregistering application ALBUMS-WS with eureka with status DOWN
2023-07-25T09:48:25.526+05:30  INFO 381880 --- [Thread-1] com.netflix.discovery.DiscoveryClient    : Saw local status change event StatusChangeEvent [timestamp=1690258705526, current=DOWN, previous=UP]
2023-07-25T09:48:25.526+05:30  INFO 381880 --- [DiscoveryClient-InstanceInfoReplicator-0] com.netflix.discovery.DiscoveryClient    : DiscoveryClient_ALBUMS-WS/albums-ws:312945ddd01ef0c0164f31c38e15dd80: registering service...
2023-07-25T09:48:25.532+05:30  INFO 381880 --- [DiscoveryClient-InstanceInfoReplicator-0] com.netflix.discovery.DiscoveryClient    : DiscoveryClient_ALBUMS-WS/albums-ws:312945ddd01ef0c0164f31c38e15dd80 - registration status: 204
2023-07-25T09:48:25.536+05:30  INFO 381880 --- [Thread-1] o.apache.catalina.core.StandardService   : Stopping service [Tomcat]
2023-07-25T09:48:25.536+05:30  INFO 381880 --- [Thread-1] o.a.c.c.C.[Tomcat].[localhost].[/]       : Destroying Spring FrameworkServlet 'dispatcherServlet'
2023-07-25T09:48:25.543+05:30  INFO 381880 --- [Thread-1] com.netflix.discovery.DiscoveryClient    : Shutting down DiscoveryClient ...
2023-07-25T09:48:28.553+05:30  WARN 381880 --- [DiscoveryClient-1] c.netflix.discovery.TimedSupervisorTask  : task supervisor shutting down, can't accept the task
2023-07-25T09:48:28.562+05:30  INFO 381880 --- [Thread-1] com.netflix.discovery.DiscoveryClient    : Unregistering ...
2023-07-25T09:48:28.566+05:30  INFO 381880 --- [Thread-1] com.netflix.discovery.DiscoveryClient    : DiscoveryClient_ALBUMS-WS/albums-ws:312945ddd01ef0c0164f31c38e15dd80 - deregister  status: 200
2023-07-25T09:48:28.613+05:30  INFO 381880 --- [Thread-1] com.netflix.discovery.DiscoveryClient    : Completed shut down of DiscoveryClient
