2023-07-25T09:45:53.821+05:30  INFO [users-ws, , ] 372716 --- [restartedMain] c.c.c.ConfigServicePropertySourceLocator : Fetching config from server at : http://localhost:8888
2023-07-25T09:45:53.904+05:30  INFO [users-ws, , ] 372716 --- [restartedMain] c.c.c.ConfigServicePropertySourceLocator : Located environment: name=users-ws, profiles=[default,native], label=null, version=null, state=null
2023-07-25T09:45:53.905+05:30  INFO [users-ws, , ] 372716 --- [restartedMain] b.c.PropertySourceBootstrapConfiguration : Located property source: [BootstrapPropertySource {name='bootstrapProperties-configClient'}, BootstrapPropertySource {name='bootstrapProperties-file:/E:/Micoservices/ConfigServerFileLocation/users-ws.properties'}]
2023-07-25T09:45:53.929+05:30  INFO [users-ws, , ] 372716 --- [restartedMain] c.p.a.users.PhotoAppApiUsersApplication  : The following 1 profile is active: "native"
2023-07-25T09:45:53.941+05:30  INFO [users-ws, , ] 372716 --- [restartedMain] o.s.c.c.c.ConfigServerConfigDataLoader   : Fetching config from server at : http://localhost:8888/ConfigServer
2023-07-25T09:45:53.941+05:30  INFO [users-ws, , ] 372716 --- [restartedMain] o.s.c.c.c.ConfigServerConfigDataLoader   : Located environment: name=ConfigServer, profiles=[users-ws], label=default, version=null, state=null
2023-07-25T09:45:53.941+05:30  INFO [users-ws, , ] 372716 --- [restartedMain] o.s.c.c.c.ConfigServerConfigDataLoader   : Fetching config from server at : http://localhost:8888/ConfigServer
2023-07-25T09:45:53.941+05:30  INFO [users-ws, , ] 372716 --- [restartedMain] o.s.c.c.c.ConfigServerConfigDataLoader   : Located environment: name=ConfigServer, profiles=[users-ws], label=default, version=null, state=null
2023-07-25T09:45:53.941+05:30  INFO [users-ws, , ] 372716 --- [restartedMain] o.s.c.c.c.ConfigServerConfigDataLoader   : Fetching config from server at : http://localhost:8888/ConfigServer
2023-07-25T09:45:53.941+05:30  INFO [users-ws, , ] 372716 --- [restartedMain] o.s.c.c.c.ConfigServerConfigDataLoader   : Located environment: name=ConfigServer, profiles=[users-ws], label=native, version=null, state=null
2023-07-25T09:45:53.941+05:30  INFO [users-ws, , ] 372716 --- [restartedMain] o.s.c.c.c.ConfigServerConfigDataLoader   : Fetching config from server at : http://localhost:8888/ConfigServer
2023-07-25T09:45:53.941+05:30  INFO [users-ws, , ] 372716 --- [restartedMain] o.s.c.c.c.ConfigServerConfigDataLoader   : Located environment: name=ConfigServer, profiles=[users-ws], label=default, version=null, state=null
2023-07-25T09:45:53.941+05:30  INFO [users-ws, , ] 372716 --- [restartedMain] o.s.c.c.c.ConfigServerConfigDataLoader   : Fetching config from server at : http://localhost:8888/ConfigServer
2023-07-25T09:45:53.941+05:30  INFO [users-ws, , ] 372716 --- [restartedMain] o.s.c.c.c.ConfigServerConfigDataLoader   : Located environment: name=ConfigServer, profiles=[users-ws], label=native, version=null, state=null
2023-07-25T09:45:53.941+05:30  INFO [users-ws, , ] 372716 --- [restartedMain] o.s.c.c.c.ConfigServerConfigDataLoader   : Fetching config from server at : http://localhost:8888/ConfigServer
2023-07-25T09:45:53.941+05:30  INFO [users-ws, , ] 372716 --- [restartedMain] o.s.c.c.c.ConfigServerConfigDataLoader   : Located environment: name=ConfigServer, profiles=[users-ws], label=default, version=null, state=null
2023-07-25T09:45:54.802+05:30  INFO [users-ws, , ] 372716 --- [restartedMain] .s.d.r.c.RepositoryConfigurationDelegate : Bootstrapping Spring Data JPA repositories in DEFAULT mode.
2023-07-25T09:45:54.878+05:30  INFO [users-ws, , ] 372716 --- [restartedMain] .s.d.r.c.RepositoryConfigurationDelegate : Finished Spring Data repository scanning in 71 ms. Found 1 JPA repository interfaces.
2023-07-25T09:45:55.043+05:30  INFO [users-ws, , ] 372716 --- [restartedMain] faultConfiguringBeanFactoryPostProcessor : No bean named 'errorChannel' has been explicitly defined. Therefore, a default PublishSubscribeChannel will be created.
2023-07-25T09:45:55.049+05:30  INFO [users-ws, , ] 372716 --- [restartedMain] faultConfiguringBeanFactoryPostProcessor : No bean named 'integrationHeaderChannelRegistry' has been explicitly defined. Therefore, a default DefaultHeaderChannelRegistry will be created.
2023-07-25T09:45:55.232+05:30  INFO [users-ws, , ] 372716 --- [restartedMain] o.s.cloud.context.scope.GenericScope     : BeanFactory id=7de86a7d-e238-3fa7-9c16-aacf9e887b03
2023-07-25T09:45:55.282+05:30  INFO [users-ws, , ] 372716 --- [restartedMain] trationDelegate$BeanPostProcessorChecker : Bean 'com.photoapp.api.users.data.AlbumsServiceClient' of type [org.springframework.cloud.openfeign.FeignClientFactoryBean] is not eligible for getting processed by all BeanPostProcessors (for example: not eligible for auto-proxying)
2023-07-25T09:45:55.461+05:30  INFO [users-ws, , ] 372716 --- [restartedMain] trationDelegate$BeanPostProcessorChecker : Bean 'org.springframework.boot.autoconfigure.integration.IntegrationAutoConfiguration$IntegrationJmxConfiguration' of type [org.springframework.boot.autoconfigure.integration.IntegrationAutoConfiguration$IntegrationJmxConfiguration] is not eligible for getting processed by all BeanPostProcessors (for example: not eligible for auto-proxying)
2023-07-25T09:45:55.467+05:30  INFO [users-ws, , ] 372716 --- [restartedMain] trationDelegate$BeanPostProcessorChecker : Bean 'org.springframework.cloud.stream.config.BindersHealthIndicatorAutoConfiguration' of type [org.springframework.cloud.stream.config.BindersHealthIndicatorAutoConfiguration] is not eligible for getting processed by all BeanPostProcessors (for example: not eligible for auto-proxying)
2023-07-25T09:45:55.470+05:30  INFO [users-ws, , ] 372716 --- [restartedMain] trationDelegate$BeanPostProcessorChecker : Bean 'bindersHealthContributor' of type [org.springframework.cloud.stream.config.BindersHealthIndicatorAutoConfiguration$BindersHealthContributor] is not eligible for getting processed by all BeanPostProcessors (for example: not eligible for auto-proxying)
2023-07-25T09:45:55.476+05:30  INFO [users-ws, , ] 372716 --- [restartedMain] trationDelegate$BeanPostProcessorChecker : Bean 'bindersHealthIndicatorListener' of type [org.springframework.cloud.stream.config.BindersHealthIndicatorAutoConfiguration$BindersHealthIndicatorListener] is not eligible for getting processed by all BeanPostProcessors (for example: not eligible for auto-proxying)
2023-07-25T09:45:55.482+05:30  INFO [users-ws, , ] 372716 --- [restartedMain] trationDelegate$BeanPostProcessorChecker : Bean 'org.springframework.cloud.stream.binder.rabbit.config.ExtendedBindingHandlerMappingsProviderConfiguration' of type [org.springframework.cloud.stream.binder.rabbit.config.ExtendedBindingHandlerMappingsProviderConfiguration] is not eligible for getting processed by all BeanPostProcessors (for example: not eligible for auto-proxying)
2023-07-25T09:45:55.483+05:30  INFO [users-ws, , ] 372716 --- [restartedMain] trationDelegate$BeanPostProcessorChecker : Bean 'rabbitExtendedPropertiesDefaultMappingsProvider' of type [org.springframework.cloud.stream.binder.rabbit.config.ExtendedBindingHandlerMappingsProviderConfiguration$$Lambda$796/0x00000008011cc8a8] is not eligible for getting processed by all BeanPostProcessors (for example: not eligible for auto-proxying)
2023-07-25T09:45:55.487+05:30  INFO [users-ws, , ] 372716 --- [restartedMain] trationDelegate$BeanPostProcessorChecker : Bean 'BindingHandlerAdvise' of type [org.springframework.cloud.stream.config.BindingHandlerAdvise] is not eligible for getting processed by all BeanPostProcessors (for example: not eligible for auto-proxying)
2023-07-25T09:45:55.489+05:30  INFO [users-ws, , ] 372716 --- [restartedMain] trationDelegate$BeanPostProcessorChecker : Bean 'org.springframework.cloud.commons.config.CommonsConfigAutoConfiguration' of type [org.springframework.cloud.commons.config.CommonsConfigAutoConfiguration] is not eligible for getting processed by all BeanPostProcessors (for example: not eligible for auto-proxying)
2023-07-25T09:45:55.493+05:30  INFO [users-ws, , ] 372716 --- [restartedMain] trationDelegate$BeanPostProcessorChecker : Bean 'org.springframework.cloud.client.loadbalancer.LoadBalancerDefaultMappingsProviderAutoConfiguration' of type [org.springframework.cloud.client.loadbalancer.LoadBalancerDefaultMappingsProviderAutoConfiguration] is not eligible for getting processed by all BeanPostProcessors (for example: not eligible for auto-proxying)
2023-07-25T09:45:55.496+05:30  INFO [users-ws, , ] 372716 --- [restartedMain] trationDelegate$BeanPostProcessorChecker : Bean 'loadBalancerClientsDefaultsMappingsProvider' of type [org.springframework.cloud.client.loadbalancer.LoadBalancerDefaultMappingsProviderAutoConfiguration$$Lambda$797/0x00000008011ccac0] is not eligible for getting processed by all BeanPostProcessors (for example: not eligible for auto-proxying)
2023-07-25T09:45:55.498+05:30  INFO [users-ws, , ] 372716 --- [restartedMain] trationDelegate$BeanPostProcessorChecker : Bean 'defaultsBindHandlerAdvisor' of type [org.springframework.cloud.commons.config.DefaultsBindHandlerAdvisor] is not eligible for getting processed by all BeanPostProcessors (for example: not eligible for auto-proxying)
2023-07-25T09:45:55.508+05:30  INFO [users-ws, , ] 372716 --- [restartedMain] trationDelegate$BeanPostProcessorChecker : Bean 'spelConverter' of type [org.springframework.cloud.stream.config.SpelExpressionConverterConfiguration$SpelConverter] is not eligible for getting processed by all BeanPostProcessors (for example: not eligible for auto-proxying)
2023-07-25T09:45:55.514+05:30  INFO [users-ws, , ] 372716 --- [restartedMain] trationDelegate$BeanPostProcessorChecker : Bean 'spring.jmx-org.springframework.boot.autoconfigure.jmx.JmxProperties' of type [org.springframework.boot.autoconfigure.jmx.JmxProperties] is not eligible for getting processed by all BeanPostProcessors (for example: not eligible for auto-proxying)
2023-07-25T09:45:55.520+05:30  INFO [users-ws, , ] 372716 --- [restartedMain] trationDelegate$BeanPostProcessorChecker : Bean 'org.springframework.boot.autoconfigure.jmx.JmxAutoConfiguration' of type [org.springframework.boot.autoconfigure.jmx.JmxAutoConfiguration] is not eligible for getting processed by all BeanPostProcessors (for example: not eligible for auto-proxying)
2023-07-25T09:45:55.524+05:30  INFO [users-ws, , ] 372716 --- [restartedMain] trationDelegate$BeanPostProcessorChecker : Bean 'mbeanServer' of type [com.sun.jmx.mbeanserver.JmxMBeanServer] is not eligible for getting processed by all BeanPostProcessors (for example: not eligible for auto-proxying)
2023-07-25T09:45:55.579+05:30  INFO [users-ws, , ] 372716 --- [restartedMain] trationDelegate$BeanPostProcessorChecker : Bean 'org.springframework.cloud.client.loadbalancer.reactive.LoadBalancerBeanPostProcessorAutoConfiguration' of type [org.springframework.cloud.client.loadbalancer.reactive.LoadBalancerBeanPostProcessorAutoConfiguration] is not eligible for getting processed by all BeanPostProcessors (for example: not eligible for auto-proxying)
2023-07-25T09:45:55.583+05:30  INFO [users-ws, , ] 372716 --- [restartedMain] trationDelegate$BeanPostProcessorChecker : Bean 'org.springframework.cloud.client.loadbalancer.reactive.LoadBalancerBeanPostProcessorAutoConfiguration$ReactorDeferringLoadBalancerFilterConfig' of type [org.springframework.cloud.client.loadbalancer.reactive.LoadBalancerBeanPostProcessorAutoConfiguration$ReactorDeferringLoadBalancerFilterConfig] is not eligible for getting processed by all BeanPostProcessors (for example: not eligible for auto-proxying)
2023-07-25T09:45:55.585+05:30  INFO [users-ws, , ] 372716 --- [restartedMain] trationDelegate$BeanPostProcessorChecker : Bean 'reactorDeferringLoadBalancerExchangeFilterFunction' of type [org.springframework.cloud.client.loadbalancer.reactive.DeferringLoadBalancerExchangeFilterFunction] is not eligible for getting processed by all BeanPostProcessors (for example: not eligible for auto-proxying)
2023-07-25T09:45:55.985+05:30  INFO [users-ws, , ] 372716 --- [restartedMain] o.s.b.w.embedded.tomcat.TomcatWebServer  : Tomcat initialized with port(s): 0 (http)
2023-07-25T09:45:55.992+05:30  INFO [users-ws, , ] 372716 --- [restartedMain] o.apache.catalina.core.StandardService   : Starting service [Tomcat]
2023-07-25T09:45:55.992+05:30  INFO [users-ws, , ] 372716 --- [restartedMain] o.apache.catalina.core.StandardEngine    : Starting Servlet engine: [Apache Tomcat/10.1.10]
2023-07-25T09:45:56.043+05:30  INFO [users-ws, , ] 372716 --- [restartedMain] o.a.c.c.C.[Tomcat].[localhost].[/]       : Initializing Spring embedded WebApplicationContext
2023-07-25T09:45:56.044+05:30  INFO [users-ws, , ] 372716 --- [restartedMain] w.s.c.ServletWebServerApplicationContext : Root WebApplicationContext: initialization completed in 2102 ms
2023-07-25T09:45:56.412+05:30  INFO [users-ws, , ] 372716 --- [restartedMain] com.zaxxer.hikari.HikariDataSource       : HikariPool-1 - Starting...
2023-07-25T09:45:56.535+05:30  INFO [users-ws, , ] 372716 --- [restartedMain] com.zaxxer.hikari.pool.HikariPool        : HikariPool-1 - Added connection org.postgresql.jdbc.PgConnection@eb99c8e
2023-07-25T09:45:56.536+05:30  INFO [users-ws, , ] 372716 --- [restartedMain] com.zaxxer.hikari.HikariDataSource       : HikariPool-1 - Start completed.
2023-07-25T09:45:56.543+05:30  INFO [users-ws, , ] 372716 --- [restartedMain] o.s.b.a.h2.H2ConsoleAutoConfiguration    : H2 console available at '/h2-console'. Database available at 'jdbc:postgresql://localhost:5432/photo_app'
2023-07-25T09:45:56.764+05:30  INFO [users-ws, , ] 372716 --- [restartedMain] o.hibernate.jpa.internal.util.LogHelper  : HHH000204: Processing PersistenceUnitInfo [name: default]
2023-07-25T09:45:56.802+05:30  INFO [users-ws, , ] 372716 --- [restartedMain] org.hibernate.Version                    : HHH000412: Hibernate ORM core version 6.2.5.Final
2023-07-25T09:45:56.803+05:30  INFO [users-ws, , ] 372716 --- [restartedMain] org.hibernate.cfg.Environment            : HHH000406: Using bytecode reflection optimizer
2023-07-25T09:45:56.888+05:30  INFO [users-ws, , ] 372716 --- [restartedMain] o.h.b.i.BytecodeProviderInitiator        : HHH000021: Bytecode provider name : bytebuddy
2023-07-25T09:45:56.976+05:30  INFO [users-ws, , ] 372716 --- [restartedMain] o.s.o.j.p.SpringPersistenceUnitInfo      : No LoadTimeWeaver setup: ignoring JPA class transformer
2023-07-25T09:45:57.186+05:30  INFO [users-ws, , ] 372716 --- [restartedMain] o.h.b.i.BytecodeProviderInitiator        : HHH000021: Bytecode provider name : bytebuddy
2023-07-25T09:45:57.602+05:30  INFO [users-ws, , ] 372716 --- [restartedMain] o.h.e.t.j.p.i.JtaPlatformInitiator       : HHH000490: Using JtaPlatform implementation: [org.hibernate.engine.transaction.jta.platform.internal.NoJtaPlatform]
2023-07-25T09:45:57.633+05:30  INFO [users-ws, , ] 372716 --- [restartedMain] j.LocalContainerEntityManagerFactoryBean : Initialized JPA EntityManagerFactory for persistence unit 'default'
2023-07-25T09:45:57.982+05:30  WARN [users-ws, , ] 372716 --- [restartedMain] JpaBaseConfiguration$JpaWebConfiguration : spring.jpa.open-in-view is enabled by default. Therefore, database queries may be performed during view rendering. Explicitly configure spring.jpa.open-in-view to disable this warning
2023-07-25T09:45:58.214+05:30  INFO [users-ws, , ] 372716 --- [restartedMain] o.s.b.d.a.OptionalLiveReloadServer       : LiveReload server is running on port 35729
2023-07-25T09:45:58.245+05:30  INFO [users-ws, , ] 372716 --- [restartedMain] o.s.c.openfeign.FeignClientFactoryBean   : For 'albums-ws' URL not provided. Will try picking an instance via load-balancing.
2023-07-25T09:45:59.855+05:30  INFO [users-ws, , ] 372716 --- [restartedMain] o.s.b.a.e.web.EndpointLinksResolver      : Exposing 34 endpoint(s) beneath base path '/actuator'
2023-07-25T09:45:59.930+05:30  INFO [users-ws, , ] 372716 --- [restartedMain] o.s.s.web.DefaultSecurityFilterChain     : Will secure any request with [org.springframework.security.web.session.DisableEncodeUrlFilter@7e70b6ba, org.springframework.security.web.context.request.async.WebAsyncManagerIntegrationFilter@62aae606, org.springframework.security.web.context.SecurityContextHolderFilter@18280629, org.springframework.security.web.header.HeaderWriterFilter@6a8e67fe, org.springframework.security.web.authentication.logout.LogoutFilter@63550936, com.photoapp.api.users.security.AuthenticationFilter@145e7520, org.springframework.security.web.savedrequest.RequestCacheAwareFilter@f2ccf3f, org.springframework.security.web.servletapi.SecurityContextHolderAwareRequestFilter@3bbb78dc, org.springframework.security.web.authentication.AnonymousAuthenticationFilter@7b16742, org.springframework.security.web.session.SessionManagementFilter@5f71a68f, org.springframework.security.web.access.ExceptionTranslationFilter@2815a34a, org.springframework.security.web.access.intercept.FilterSecurityInterceptor@6410969f]
2023-07-25T09:46:00.440+05:30  INFO [users-ws, , ] 372716 --- [restartedMain] o.s.c.s.m.DirectWithAttributesChannel    : Channel 'application-1.springCloudBusInput' has 1 subscriber(s).
2023-07-25T09:46:00.751+05:30  INFO [users-ws, , ] 372716 --- [restartedMain] DiscoveryClientOptionalArgsConfiguration : Eureka HTTP Client uses RestTemplate.
2023-07-25T09:46:00.907+05:30  WARN [users-ws, , ] 372716 --- [restartedMain] iguration$LoadBalancerCaffeineWarnLogger : Spring Cloud LoadBalancer is currently working with the default cache. While this cache implementation is useful for development and tests, it's recommended to use Caffeine cache in production.You can switch to using Caffeine cache, by adding it and org.springframework.cache.caffeine.CaffeineCacheManager to the classpath.
2023-07-25T09:46:01.039+05:30  WARN [users-ws, , ] 372716 --- [restartedMain] ocalVariableTableParameterNameDiscoverer : Using deprecated '-debug' fallback for parameter name resolution. Compile the affected code with '-parameters' instead or avoid its introspection: org.springframework.amqp.rabbit.core.RabbitAdmin
2023-07-25T09:46:01.068+05:30  INFO [users-ws, , ] 372716 --- [restartedMain] o.s.i.monitor.IntegrationMBeanExporter   : Registering MessageChannel errorChannel
2023-07-25T09:46:01.072+05:30  INFO [users-ws, , ] 372716 --- [restartedMain] o.s.i.monitor.IntegrationMBeanExporter   : Registering MessageChannel springCloudBusInput
2023-07-25T09:46:01.077+05:30  INFO [users-ws, , ] 372716 --- [restartedMain] o.s.i.monitor.IntegrationMBeanExporter   : Registering MessageChannel nullChannel
2023-07-25T09:46:01.084+05:30  INFO [users-ws, , ] 372716 --- [restartedMain] o.s.i.monitor.IntegrationMBeanExporter   : Registering MessageHandler _org.springframework.integration.errorLogger
2023-07-25T09:46:01.091+05:30  INFO [users-ws, , ] 372716 --- [restartedMain] o.s.i.endpoint.EventDrivenConsumer       : Adding {logging-channel-adapter:_org.springframework.integration.errorLogger} as a subscriber to the 'errorChannel' channel
2023-07-25T09:46:01.091+05:30  INFO [users-ws, , ] 372716 --- [restartedMain] o.s.i.channel.PublishSubscribeChannel    : Channel 'application-1.errorChannel' has 1 subscriber(s).
2023-07-25T09:46:01.091+05:30  INFO [users-ws, , ] 372716 --- [restartedMain] o.s.i.endpoint.EventDrivenConsumer       : started bean '_org.springframework.integration.errorLogger'
2023-07-25T09:46:01.111+05:30  INFO [users-ws, , ] 372716 --- [restartedMain] o.s.b.w.embedded.tomcat.TomcatWebServer  : Tomcat started on port(s): 51670 (http) with context path ''
2023-07-25T09:46:01.113+05:30  INFO [users-ws, , ] 372716 --- [restartedMain] .s.c.n.e.s.EurekaAutoServiceRegistration : Updating port to 51670
2023-07-25T09:46:01.116+05:30  INFO [users-ws, , ] 372716 --- [restartedMain] o.s.c.n.eureka.InstanceInfoFactory       : Setting initial instance status as: STARTING
2023-07-25T09:46:01.153+05:30  INFO [users-ws, , ] 372716 --- [restartedMain] com.netflix.discovery.DiscoveryClient    : Initializing Eureka in region us-east-1
2023-07-25T09:46:01.155+05:30  INFO [users-ws, , ] 372716 --- [restartedMain] c.n.d.s.r.aws.ConfigClusterResolver      : Resolving eureka endpoints via configuration
2023-07-25T09:46:01.175+05:30  INFO [users-ws, , ] 372716 --- [restartedMain] com.netflix.discovery.DiscoveryClient    : Disable delta property : false
2023-07-25T09:46:01.175+05:30  INFO [users-ws, , ] 372716 --- [restartedMain] com.netflix.discovery.DiscoveryClient    : Single vip registry refresh property : null
2023-07-25T09:46:01.175+05:30  INFO [users-ws, , ] 372716 --- [restartedMain] com.netflix.discovery.DiscoveryClient    : Force full registry fetch : false
2023-07-25T09:46:01.175+05:30  INFO [users-ws, , ] 372716 --- [restartedMain] com.netflix.discovery.DiscoveryClient    : Application is null : false
2023-07-25T09:46:01.175+05:30  INFO [users-ws, , ] 372716 --- [restartedMain] com.netflix.discovery.DiscoveryClient    : Registered Applications size is zero : true
2023-07-25T09:46:01.175+05:30  INFO [users-ws, , ] 372716 --- [restartedMain] com.netflix.discovery.DiscoveryClient    : Application version is -1: true
2023-07-25T09:46:01.175+05:30  INFO [users-ws, , ] 372716 --- [restartedMain] com.netflix.discovery.DiscoveryClient    : Getting all instance registry info from the eureka server
2023-07-25T09:46:01.299+05:30  INFO [users-ws, , ] 372716 --- [restartedMain] com.netflix.discovery.DiscoveryClient    : The response status is 200
2023-07-25T09:46:01.304+05:30  INFO [users-ws, , ] 372716 --- [restartedMain] com.netflix.discovery.DiscoveryClient    : Starting heartbeat executor: renew interval is: 30
2023-07-25T09:46:01.309+05:30  INFO [users-ws, , ] 372716 --- [restartedMain] c.n.discovery.InstanceInfoReplicator     : InstanceInfoReplicator onDemand update allowed rate per min is 4
2023-07-25T09:46:01.320+05:30  INFO [users-ws, , ] 372716 --- [restartedMain] com.netflix.discovery.DiscoveryClient    : Discovery Client initialized at timestamp 1690258561320 with initial instances count: 2
2023-07-25T09:46:01.330+05:30  INFO [users-ws, , ] 372716 --- [restartedMain] o.s.c.n.e.s.EurekaServiceRegistry        : Registering application USERS-WS with eureka with status UP
2023-07-25T09:46:01.330+05:30  INFO [users-ws, , ] 372716 --- [restartedMain] com.netflix.discovery.DiscoveryClient    : Saw local status change event StatusChangeEvent [timestamp=1690258561330, current=UP, previous=STARTING]
2023-07-25T09:46:01.332+05:30  INFO [users-ws, , ] 372716 --- [DiscoveryClient-InstanceInfoReplicator-0] com.netflix.discovery.DiscoveryClient    : DiscoveryClient_USERS-WS/users-ws:e1c69a32635439cc2f885369c352644b: registering service...
2023-07-25T09:46:01.365+05:30  INFO [users-ws, , ] 372716 --- [DiscoveryClient-InstanceInfoReplicator-0] com.netflix.discovery.DiscoveryClient    : DiscoveryClient_USERS-WS/users-ws:e1c69a32635439cc2f885369c352644b - registration status: 204
2023-07-25T09:46:01.630+05:30  INFO [users-ws, , ] 372716 --- [restartedMain] o.s.c.s.binder.DefaultBinderFactory      : Creating binder: rabbit
2023-07-25T09:46:01.631+05:30  INFO [users-ws, , ] 372716 --- [restartedMain] o.s.c.s.binder.DefaultBinderFactory      : Constructing binder child context for rabbit
2023-07-25T09:46:01.675+05:30  INFO [users-ws, , ] 372716 --- [restartedMain] o.s.c.s.binder.DefaultBinderFactory      : Caching the binder: rabbit
2023-07-25T09:46:01.710+05:30  INFO [users-ws, , ] 372716 --- [restartedMain] c.s.b.r.p.RabbitExchangeQueueProvisioner : declaring queue for inbound: springCloudBus.anonymous.BhheMz58TPayTFqcqTmp9w, bound to: springCloudBus
2023-07-25T09:46:01.713+05:30  INFO [users-ws, , ] 372716 --- [restartedMain] o.s.a.r.c.CachingConnectionFactory       : Attempting to connect to: [localhost:5672]
2023-07-25T09:46:01.758+05:30  INFO [users-ws, , ] 372716 --- [restartedMain] o.s.a.r.c.CachingConnectionFactory       : Created new connection: rabbitConnectionFactory#3275c458:0/SimpleConnection@afdd745 [delegate=amqp://guest@127.0.0.1:5672/, localPort=51674]
2023-07-25T09:46:01.793+05:30  INFO [users-ws, , ] 372716 --- [restartedMain] o.s.c.stream.binder.BinderErrorChannel   : Channel 'rabbit-2045341130.springCloudBusInput.errors' has 1 subscriber(s).
2023-07-25T09:46:01.794+05:30  INFO [users-ws, , ] 372716 --- [restartedMain] o.s.c.stream.binder.BinderErrorChannel   : Channel 'rabbit-2045341130.springCloudBusInput.errors' has 2 subscriber(s).
2023-07-25T09:46:01.807+05:30  INFO [users-ws, , ] 372716 --- [restartedMain] o.s.i.a.i.AmqpInboundChannelAdapter      : started bean 'inbound.springCloudBus.anonymous.BhheMz58TPayTFqcqTmp9w'
2023-07-25T09:46:01.828+05:30  INFO [users-ws, , ] 372716 --- [restartedMain] o.s.i.monitor.IntegrationMBeanExporter   : Registering MessageChannel rabbit-2045341130.springCloudBusInput.errors
2023-07-25T09:46:01.842+05:30  INFO [users-ws, , ] 372716 --- [restartedMain] c.p.a.users.PhotoAppApiUsersApplication  : Started PhotoAppApiUsersApplication in 9.134 seconds (process running for 9.829)
2023-07-25T09:46:02.374+05:30  INFO [users-ws, , ] 372716 --- [RMI TCP Connection(9)-127.0.0.1] o.a.c.c.C.[Tomcat].[localhost].[/]       : Initializing Spring DispatcherServlet 'dispatcherServlet'
2023-07-25T09:46:02.375+05:30  INFO [users-ws, , ] 372716 --- [RMI TCP Connection(9)-127.0.0.1] o.s.web.servlet.DispatcherServlet        : Initializing Servlet 'dispatcherServlet'
2023-07-25T09:46:02.376+05:30  INFO [users-ws, , ] 372716 --- [RMI TCP Connection(9)-127.0.0.1] o.s.web.servlet.DispatcherServlet        : Completed initialization in 1 ms
2023-07-25T09:46:17.214+05:30  INFO [users-ws, , ] 372716 --- [RMI TCP Connection(8)-127.0.0.1] inMXBeanRegistrar$SpringApplicationAdmin : Application shutdown requested.
2023-07-25T09:46:17.215+05:30  INFO [users-ws, , ] 372716 --- [RMI TCP Connection(8)-127.0.0.1] o.s.c.n.e.s.EurekaServiceRegistry        : Unregistering application USERS-WS with eureka with status DOWN
2023-07-25T09:46:17.215+05:30  INFO [users-ws, , ] 372716 --- [RMI TCP Connection(8)-127.0.0.1] com.netflix.discovery.DiscoveryClient    : Saw local status change event StatusChangeEvent [timestamp=1690258577215, current=DOWN, previous=UP]
2023-07-25T09:46:17.215+05:30  INFO [users-ws, , ] 372716 --- [DiscoveryClient-InstanceInfoReplicator-0] com.netflix.discovery.DiscoveryClient    : DiscoveryClient_USERS-WS/users-ws:e1c69a32635439cc2f885369c352644b: registering service...
2023-07-25T09:46:17.221+05:30  INFO [users-ws, , ] 372716 --- [DiscoveryClient-InstanceInfoReplicator-0] com.netflix.discovery.DiscoveryClient    : DiscoveryClient_USERS-WS/users-ws:e1c69a32635439cc2f885369c352644b - registration status: 204
2023-07-25T09:46:17.227+05:30  INFO [users-ws, , ] 372716 --- [File Watcher] rtingClassPathChangeChangedEventListener : Restarting due to 1 class path change (0 additions, 0 deletions, 1 modification)
2023-07-25T09:46:17.232+05:30  INFO [users-ws, , ] 372716 --- [RMI TCP Connection(8)-127.0.0.1] o.s.a.r.l.SimpleMessageListenerContainer : Waiting for workers to finish.
2023-07-25T09:46:17.832+05:30  INFO [users-ws, , ] 372716 --- [RMI TCP Connection(8)-127.0.0.1] o.s.a.r.l.SimpleMessageListenerContainer : Successfully waited for workers to finish.
2023-07-25T09:46:17.833+05:30  INFO [users-ws, , ] 372716 --- [RMI TCP Connection(8)-127.0.0.1] o.s.i.a.i.AmqpInboundChannelAdapter      : stopped bean 'inbound.springCloudBus.anonymous.BhheMz58TPayTFqcqTmp9w'
2023-07-25T09:46:17.839+05:30  INFO [users-ws, , ] 372716 --- [RMI TCP Connection(8)-127.0.0.1] o.s.c.stream.binder.BinderErrorChannel   : Channel 'application-1.rabbit-2045341130.springCloudBusInput.errors' has 1 subscriber(s).
2023-07-25T09:46:17.847+05:30  INFO [users-ws, , ] 372716 --- [RMI TCP Connection(8)-127.0.0.1] o.apache.catalina.core.StandardService   : Stopping service [Tomcat]
2023-07-25T09:46:17.848+05:30  INFO [users-ws, , ] 372716 --- [RMI TCP Connection(8)-127.0.0.1] o.a.c.c.C.[Tomcat].[localhost].[/]       : Destroying Spring FrameworkServlet 'dispatcherServlet'
2023-07-25T09:46:17.850+05:30  WARN [users-ws, , ] 372716 --- [RMI TCP Connection(8)-127.0.0.1] o.a.c.loader.WebappClassLoaderBase       : The web application [ROOT] appears to have started a thread named [boundedElastic-evictor-1] but has failed to stop it. This is very likely to create a memory leak. Stack trace of thread:
 java.base@17/jdk.internal.misc.Unsafe.park(Native Method)
 java.base@17/java.util.concurrent.locks.LockSupport.parkNanos(LockSupport.java:252)
 java.base@17/java.util.concurrent.locks.AbstractQueuedSynchronizer$ConditionObject.awaitNanos(AbstractQueuedSynchronizer.java:1672)
 java.base@17/java.util.concurrent.ScheduledThreadPoolExecutor$DelayedWorkQueue.take(ScheduledThreadPoolExecutor.java:1182)
 java.base@17/java.util.concurrent.ScheduledThreadPoolExecutor$DelayedWorkQueue.take(ScheduledThreadPoolExecutor.java:899)
 java.base@17/java.util.concurrent.ThreadPoolExecutor.getTask(ThreadPoolExecutor.java:1062)
 java.base@17/java.util.concurrent.ThreadPoolExecutor.runWorker(ThreadPoolExecutor.java:1122)
 java.base@17/java.util.concurrent.ThreadPoolExecutor$Worker.run(ThreadPoolExecutor.java:635)
 java.base@17/java.lang.Thread.run(Thread.java:833)
2023-07-25T09:46:17.855+05:30  INFO [users-ws, , ] 372716 --- [RMI TCP Connection(8)-127.0.0.1] o.s.i.endpoint.EventDrivenConsumer       : Removing {logging-channel-adapter:_org.springframework.integration.errorLogger} as a subscriber to the 'errorChannel' channel
2023-07-25T09:46:17.855+05:30  INFO [users-ws, , ] 372716 --- [RMI TCP Connection(8)-127.0.0.1] o.s.i.channel.PublishSubscribeChannel    : Channel 'application-1.errorChannel' has 0 subscriber(s).
2023-07-25T09:46:17.855+05:30  INFO [users-ws, , ] 372716 --- [RMI TCP Connection(8)-127.0.0.1] o.s.i.endpoint.EventDrivenConsumer       : stopped bean '_org.springframework.integration.errorLogger'
2023-07-25T09:46:17.873+05:30  INFO [users-ws, , ] 372716 --- [RMI TCP Connection(8)-127.0.0.1] j.LocalContainerEntityManagerFactoryBean : Closing JPA EntityManagerFactory for persistence unit 'default'
2023-07-25T09:46:17.876+05:30  INFO [users-ws, , ] 372716 --- [RMI TCP Connection(8)-127.0.0.1] com.zaxxer.hikari.HikariDataSource       : HikariPool-1 - Shutdown initiated...
2023-07-25T09:46:17.879+05:30  INFO [users-ws, , ] 372716 --- [RMI TCP Connection(8)-127.0.0.1] com.zaxxer.hikari.HikariDataSource       : HikariPool-1 - Shutdown completed.
2023-07-25T09:46:18.884+05:30  WARN [users-ws, , ] 372716 --- [RMI TCP Connection(8)-127.0.0.1] z.r.AsyncReporter$BoundedAsyncReporter   : Timed out waiting for in-flight spans to send
2023-07-25T09:46:18.886+05:30  INFO [users-ws, , ] 372716 --- [RMI TCP Connection(8)-127.0.0.1] com.netflix.discovery.DiscoveryClient    : Shutting down DiscoveryClient ...
2023-07-25T09:46:21.909+05:30  INFO [users-ws, , ] 372716 --- [RMI TCP Connection(8)-127.0.0.1] com.netflix.discovery.DiscoveryClient    : Unregistering ...
2023-07-25T09:46:21.917+05:30  INFO [users-ws, , ] 372716 --- [RMI TCP Connection(8)-127.0.0.1] com.netflix.discovery.DiscoveryClient    : DiscoveryClient_USERS-WS/users-ws:e1c69a32635439cc2f885369c352644b - deregister  status: 200
2023-07-25T09:46:21.966+05:30  INFO [users-ws, , ] 372716 --- [RMI TCP Connection(8)-127.0.0.1] com.netflix.discovery.DiscoveryClient    : Completed shut down of DiscoveryClient
